log4j:ERROR Could not read configuration file from URL [file:./lib/log4j.properties].
java.io.FileNotFoundException: ./lib/log4j.properties (No such file or directory)
	at java.io.FileInputStream.open(Native Method)
	at java.io.FileInputStream.<init>(FileInputStream.java:106)
	at java.io.FileInputStream.<init>(FileInputStream.java:66)
	at sun.net.www.protocol.file.FileURLConnection.connect(FileURLConnection.java:70)
	at sun.net.www.protocol.file.FileURLConnection.getInputStream(FileURLConnection.java:161)
	at java.net.URL.openStream(URL.java:1009)
	at org.apache.log4j.PropertyConfigurator.doConfigure(PropertyConfigurator.java:433)
	at org.apache.log4j.helpers.OptionConverter.selectAndConfigure(OptionConverter.java:468)
	at org.apache.log4j.LogManager.<clinit>(LogManager.java:122)
	at org.slf4j.impl.Log4jLoggerFactory.getLogger(Log4jLoggerFactory.java:73)
	at org.slf4j.LoggerFactory.getLogger(LoggerFactory.java:103)
	at ibis.server.Server.<clinit>(Server.java:28)
log4j:ERROR Ignoring configuration file [file:./lib/log4j.properties].
log4j:WARN No appenders could be found for logger (ibis.server.Server).
log4j:WARN Please initialize the log4j system properly.
starting remote handler
Central Registry: creating new pool: "pool-0"
16:39:45 Central Registry: (Ibis 0, location node083@beowulf@cluster) joined pool "pool-0" now 1 members
16:39:45 Central Registry: (Ibis 1, location node078@beowulf@cluster) joined pool "pool-0" now 2 members
16:39:45 Central Registry: (Ibis 2, location node051@beowulf@cluster) joined pool "pool-0" now 3 members
16:39:45 Central Registry: (Ibis 3, location node002@beowulf@cluster) joined pool "pool-0" now 4 members
16:39:45 Central Registry: (Ibis 4, location node041@beowulf@cluster) joined pool "pool-0" now 5 members
16:39:45 Central Registry: (Ibis 0, location node083@beowulf@cluster) won election "satin beowulf@cluster cluster coordinator" in pool "pool-0"
16:39:45 Central Registry: (Ibis 5, location node065@beowulf@cluster) joined pool "pool-0" now 6 members
16:39:45 Central Registry: (Ibis 6, location node025@beowulf@cluster) joined pool "pool-0" now 7 members
16:39:45 Central Registry: (Ibis 7, location node053@beowulf@cluster) joined pool "pool-0" now 8 members
16:39:45 Central Registry: (Ibis 8, location node084@beowulf@cluster) joined pool "pool-0" now 9 members
16:39:45 Central Registry: (Ibis 9, location node074@beowulf@cluster) joined pool "pool-0" now 10 members
16:39:45 Central Registry: (Ibis 1, location node078@beowulf@cluster) won election "satin.master" in pool "pool-0"
16:39:46 list of pools:
        CURRENT_SIZE JOINS LEAVES DIEDS ELECTIONS SIGNALS FIXED_SIZE CLOSED ENDED
pool-0
                  10    10      0     0         2       0         40  false false

16:40:46 list of pools:
        CURRENT_SIZE JOINS LEAVES DIEDS ELECTIONS SIGNALS FIXED_SIZE CLOSED ENDED
pool-0
                  10    10      0     0         2       0         40  false false

16:41:44 Central Registry: (Ibis 10, location node062@beowulf@cluster) joined pool "pool-0" now 11 members
16:41:44 Central Registry: (Ibis 11, location node001@beowulf@cluster) joined pool "pool-0" now 12 members
16:41:44 Central Registry: (Ibis 12, location node080@beowulf@cluster) joined pool "pool-0" now 13 members
16:41:44 Central Registry: (Ibis 13, location node073@beowulf@cluster) joined pool "pool-0" now 14 members
16:41:44 Central Registry: (Ibis 14, location node032@beowulf@cluster) joined pool "pool-0" now 15 members
16:41:44 Central Registry: (Ibis 15, location node017@beowulf@cluster) joined pool "pool-0" now 16 members
16:41:44 Central Registry: (Ibis 16, location node028@beowulf@cluster) joined pool "pool-0" now 17 members
16:41:44 Central Registry: (Ibis 17, location node054@beowulf@cluster) joined pool "pool-0" now 18 members
16:41:45 Central Registry: (Ibis 18, location node034@beowulf@cluster) joined pool "pool-0" now 19 members
16:41:45 Central Registry: (Ibis 19, location node071@beowulf@cluster) joined pool "pool-0" now 20 members
16:41:45 Central Registry: (Ibis 20, location node057@beowulf@cluster) joined pool "pool-0" now 21 members
16:41:45 Central Registry: (Ibis 21, location node042@beowulf@cluster) joined pool "pool-0" now 22 members
16:41:45 Central Registry: (Ibis 22, location node035@beowulf@cluster) joined pool "pool-0" now 23 members
16:41:45 Central Registry: (Ibis 23, location node067@beowulf@cluster) joined pool "pool-0" now 24 members
16:41:45 Central Registry: (Ibis 24, location node079@beowulf@cluster) joined pool "pool-0" now 25 members
16:41:45 Central Registry: (Ibis 25, location node082@beowulf@cluster) joined pool "pool-0" now 26 members
16:41:45 Central Registry: (Ibis 26, location node014@beowulf@cluster) joined pool "pool-0" now 27 members
16:41:45 Central Registry: (Ibis 27, location node081@beowulf@cluster) joined pool "pool-0" now 28 members
16:41:45 Central Registry: (Ibis 28, location node070@beowulf@cluster) joined pool "pool-0" now 29 members
16:41:45 Central Registry: (Ibis 29, location node009@beowulf@cluster) joined pool "pool-0" now 30 members
16:41:45 Central Registry: (Ibis 30, location node024@beowulf@cluster) joined pool "pool-0" now 31 members
16:41:45 Central Registry: (Ibis 31, location node039@beowulf@cluster) joined pool "pool-0" now 32 members
16:41:45 Central Registry: (Ibis 32, location node018@beowulf@cluster) joined pool "pool-0" now 33 members
16:41:45 Central Registry: (Ibis 33, location node043@beowulf@cluster) joined pool "pool-0" now 34 members
16:41:45 Central Registry: (Ibis 34, location node046@beowulf@cluster) joined pool "pool-0" now 35 members
16:41:45 Central Registry: (Ibis 35, location node060@beowulf@cluster) joined pool "pool-0" now 36 members
16:41:45 Central Registry: (Ibis 36, location node055@beowulf@cluster) joined pool "pool-0" now 37 members
16:41:45 Central Registry: (Ibis 37, location node069@beowulf@cluster) joined pool "pool-0" now 38 members
16:41:45 Central Registry: (Ibis 38, location node038@beowulf@cluster) joined pool "pool-0" now 39 members
16:41:46 Central Registry: (Ibis 39, location node005@beowulf@cluster) joined pool "pool-0" now 40 members
16:41:46 Central Registry: pool "pool-0" now closed
16:41:46 list of pools:
        CURRENT_SIZE JOINS LEAVES DIEDS ELECTIONS SIGNALS FIXED_SIZE CLOSED ENDED
pool-0
                  40    40      0     0         2       0         40   true false

16:42:07 Central Registry: (Ibis 0, location node083@beowulf@cluster) left pool "pool-0" now 39 members
16:42:07 Central Registry: (Ibis 1, location node078@beowulf@cluster) left pool "pool-0" now 38 members
16:42:07 Central Registry: (Ibis 2, location node051@beowulf@cluster) left pool "pool-0" now 37 members
16:42:07 Central Registry: (Ibis 3, location node002@beowulf@cluster) left pool "pool-0" now 36 members
16:42:07 Central Registry: (Ibis 6, location node025@beowulf@cluster) left pool "pool-0" now 35 members
16:42:07 Central Registry: (Ibis 8, location node084@beowulf@cluster) left pool "pool-0" now 34 members
16:42:07 Central Registry: (Ibis 9, location node074@beowulf@cluster) left pool "pool-0" now 33 members
16:42:07 Central Registry: (Ibis 12, location node080@beowulf@cluster) left pool "pool-0" now 32 members
16:42:07 Central Registry: (Ibis 15, location node017@beowulf@cluster) left pool "pool-0" now 31 members
16:42:07 Central Registry: (Ibis 18, location node034@beowulf@cluster) left pool "pool-0" now 30 members
16:42:07 Central Registry: (Ibis 22, location node035@beowulf@cluster) left pool "pool-0" now 29 members
16:42:07 Central Registry: (Ibis 19, location node071@beowulf@cluster) left pool "pool-0" now 28 members
16:42:07 Central Registry: (Ibis 24, location node079@beowulf@cluster) left pool "pool-0" now 27 members
16:42:07 Central Registry: (Ibis 25, location node082@beowulf@cluster) left pool "pool-0" now 26 members
16:42:07 Central Registry: (Ibis 23, location node067@beowulf@cluster) left pool "pool-0" now 25 members
16:42:07 Central Registry: (Ibis 21, location node042@beowulf@cluster) left pool "pool-0" now 24 members
16:42:07 Central Registry: (Ibis 20, location node057@beowulf@cluster) left pool "pool-0" now 23 members
16:42:07 Central Registry: (Ibis 30, location node024@beowulf@cluster) left pool "pool-0" now 22 members
16:42:07 Central Registry: (Ibis 16, location node028@beowulf@cluster) left pool "pool-0" now 21 members
16:42:07 Central Registry: (Ibis 31, location node039@beowulf@cluster) left pool "pool-0" now 20 members
16:42:07 Central Registry: (Ibis 17, location node054@beowulf@cluster) left pool "pool-0" now 19 members
16:42:07 Central Registry: (Ibis 14, location node032@beowulf@cluster) left pool "pool-0" now 18 members
16:42:07 Central Registry: (Ibis 33, location node043@beowulf@cluster) left pool "pool-0" now 17 members
16:42:07 Central Registry: (Ibis 37, location node069@beowulf@cluster) left pool "pool-0" now 16 members
16:42:07 Central Registry: (Ibis 4, location node041@beowulf@cluster) left pool "pool-0" now 15 members
16:42:07 Central Registry: (Ibis 11, location node001@beowulf@cluster) left pool "pool-0" now 14 members
16:42:07 Central Registry: (Ibis 13, location node073@beowulf@cluster) left pool "pool-0" now 13 members
16:42:07 Central Registry: (Ibis 10, location node062@beowulf@cluster) left pool "pool-0" now 12 members
16:42:07 Central Registry: (Ibis 7, location node053@beowulf@cluster) left pool "pool-0" now 11 members
16:42:07 Central Registry: (Ibis 5, location node065@beowulf@cluster) left pool "pool-0" now 10 members
16:42:07 Central Registry: (Ibis 39, location node005@beowulf@cluster) left pool "pool-0" now 9 members
16:42:07 Central Registry: (Ibis 38, location node038@beowulf@cluster) left pool "pool-0" now 8 members
16:42:07 Central Registry: (Ibis 35, location node060@beowulf@cluster) left pool "pool-0" now 7 members
16:42:07 Central Registry: (Ibis 36, location node055@beowulf@cluster) left pool "pool-0" now 6 members
16:42:07 Central Registry: (Ibis 34, location node046@beowulf@cluster) left pool "pool-0" now 5 members
16:42:07 Central Registry: (Ibis 32, location node018@beowulf@cluster) left pool "pool-0" now 4 members
16:42:07 Central Registry: (Ibis 29, location node009@beowulf@cluster) left pool "pool-0" now 3 members
16:42:07 Central Registry: (Ibis 28, location node070@beowulf@cluster) left pool "pool-0" now 2 members
16:42:07 Central Registry: (Ibis 27, location node081@beowulf@cluster) left pool "pool-0" now 1 members
16:42:07 Central Registry: (Ibis 26, location node014@beowulf@cluster) left pool "pool-0" now 0 members
16:42:07 Central Registry: pool "pool-0" ended
