frankathome
1.4699698698004573
0.017036056142586648
1.4431158736464553
0.015278863349122717
1.662510911754658
0.00410744577376908
1.5816996315654872
0.0036990316326046624
1.6606377731809825
0.004400573426085186
1.6385799381206063
0.004244977717957711
1.2453737670096203
0.029932167768848838
1.2051794814196632
0.025201711284017086
1.634313674800753
0.004618871824665916
1.6090691879473737
0.004506353320791437
1.685107028088753
0.004334988722541812
1.6376741356146511
0.003981250594605104
1.2883860795203272
0.018064934039946037
1.171522837362649
0.016294373556417427
1.6203652097874475
0.004638295969848837
1.6121008551030895
0.004460049740940152
1.6726619554918023
0.004924181891237219
1.6402513415268074
0.004571857303937176
1.5852385148700299
0.01512354994238046
1.5422271376244054
0.013802922698893811
1.605569186090571
0.0037885130866545666
1.5291014375080008
0.0030558093456819558
1.6689639946152464
0.004562404433805202
1.6135238580732318
0.004140394372549217
1.519827614246771
0.016788006210765795
1.4905330274500672
0.014014650299349455
1.6283381677421351
0.0035586132699499647
1.6076718191514825
0.0030373280983716933
1.6976982360776052
0.00442712555146618
1.6523699058206904
0.004097146007351389
1.5870173449320402
0.02057119347179598
1.5469232722818536
0.017399728974789613
1.7306988146345303
0.00426255605843701
1.6572814544642642
0.003972316886890258
1.75190040497278
0.004313398046371514
1.6690125708474903
0.004131441676930355
1.4822648695394076
0.0209212321571408
1.4225043794422778
0.01834141286289128
1.6705639916279589
0.005144695098751375
1.6020998924027516
0.00464925941214951
1.7247501443347941
0.004040188465536062
1.700319587545149
0.0038733750919841175
1.1754385259926148
0.06025077299418438
1.1500027132557495
0.04819468600241275
1.4228530028068525
0.006197576528817004
1.3153403821297642
0.005111110209528848
1.4382138503735458
0.004963168913394027
1.286674542981679
0.0044224975443464
1.251996219333371
0.044915964359724767
1.2110632415665712
0.03467516916511085
1.586302221384738
0.004894889076489571
1.5588476144580028
0.004233922746880742
1.5333494293086738
0.004418522410102853
1.3751275210920029
0.003986802076340351
1.2842406306432648
0.023034856244820563
1.2681320254336863
0.01966817147467714
1.6234770560795024
0.005062020105204486
1.5825876307462312
0.004533236119992774
1.7567668910238798
0.005003943069182756
1.7210779192882062
0.004764655662729885
1.435454399909358
0.014509119703928375
1.3815998704388672
0.014094630858693238
1.4953412944619429
0.0040577723581310884
1.4709486248776533
0.003565305837551926
1.614527064940485
0.004134771569033402
1.598653168101244
0.004014070796946438
1.503423334719719
0.014141140765898208
1.4579233742007862
0.01361716456523967
1.6622838353212308
0.0038367776185960012
1.4934897958045221
0.0033248531840759264
1.6410531935455224
0.004340289262966544
1.6043410915371623
0.003907818574152371
1.4118689644063194
0.01485644820698741
1.3762844307245747
0.014149882144667008
1.5357353735817307
0.004231169483356797
1.4593321118511486
0.0037777715922967556
1.6657190450605304
0.004382294558058082
1.6380604520334991
0.004184044643251362
1.4453075741918258
0.019937150642052585
1.3915773594754892
0.016084637838262215
1.5239611464191292
0.004690425655318639
1.4822909660768229
0.003921781248839138
1.6303990307747125
0.004456359995443943
1.5553835921326475
0.00399741738315822
1.5094395802463099
0.020664105083444437
1.450384200571101
0.01766630558223496
1.4479309928444375
0.004652456576180397
1.3692309780886072
0.00421766817187384
1.6406444822930544
0.004422653986750562
1.5577569061602419
0.004222851005869849
1.5668383037540627
0.021824189775805164
1.5080322840254665
0.019529980926112606
1.5105018259316685
0.004789864950219701
1.470652595340857
0.00443446366883102
1.6439491920021518
0.005041753313431064
1.599736600044656
0.004765355128703257
1.4886303802580083
0.023260915290851624
1.4410860221602078
0.02111183444689328
1.6047857122754947
0.005077550232734279
1.570554775671844
0.004784661917420808
1.637589122084817
0.004725877342020624
1.605368885636921
0.004602393898598982
1.4389961535564395
0.028798339890715414
1.3409074748335632
0.025027225957748558
1.5817448739247335
0.004582212448015481
1.5164527213930241
0.004260288721877212
1.7853814879779366
0.0041304023015058915
1.7487052016252138
0.003928677829635553
1.2088586643611154
0.04814884920806816
1.1391902101723759
0.03765117453991184
1.2831548613148054
0.005790835137419026
1.1516588494264526
0.004864593543906713
1.734516038405101
0.004053686752736066
1.616225138853458
0.0038180007508864825
1.2200960792245432
0.0607798474964072
0.9993285691018011
0.0322590216399
1.1554436117583453
0.007278733235545221
1.1301910458156783
0.004515552516317729
1.5027886225365161
0.006778912505315191
1.3461851327905443
0.0044961064748276205
1.224780791265941
0.06086065783736162
1.1886417998508791
0.04634549312671993
1.3925597579593691
0.006110329405676
1.3827899660874554
0.005330659977658085
1.3554371850752087
0.007076198558948227
1.2976579478437378
0.005862005973483891
1.4926628113974885
0.05290912875191245
1.3731648736749524
0.04261159398610023
1.561786617354975
0.006143185122349874
1.447467510439257
0.005379916530066349
1.5114514439095132
0.0051621974717953965
1.4411833942060208
0.004763739775799466
1.3825924030917833
0.03897928878423683
1.3364038485260976
0.02893694811845318
1.6171281282062508
0.005790059929195552
1.6093664555656437
0.005230071857415657
1.6287854543293865
0.004899195796225186
1.5669900647566213
0.004737665929876108
1.3581388673303394
0.02844252720377817
1.2628270742506467
0.023151960975797643
1.4262577435339352
0.005877792304325037
1.3968270143246821
0.005268597789915229
1.5391896457952718
0.005154022062510712
1.4677515351960886
0.004956988356104725
1.1466356782001754
0.03422752710741234
1.1170592402340658
0.029344350245164793
1.2141241111711316
0.008735093390837117
1.1898439714187912
0.007566561305181055
1.4214020393137887
0.006817073260559735
1.3820148047689864
0.006051408689558868
1.2356009484236874
0.021550581196342986
1.2090677464973463
0.019510909449433744
1.4348449158554415
0.006538497865307268
1.2895997612927765
0.005450587768189716
1.5103286110126208
0.00610876912235243
1.4651807788049251
0.0055556162036668015
1.3344899027685477
0.018480860309403727
1.2414945512113922
0.016492690136456434
1.3095992491407935
0.005015259999092759
1.2689495296010038
0.004389789798246514
1.6249895728086912
0.005603706632323628
1.6152343019816195
0.005046047410648668
1.2660503616624426
0.02830894115938523
1.152008426635898
0.025696957310435843
1.254412858690717
0.006821190928267036
1.165600955735271
0.005872139046712761
1.628127721705961
0.005582371949520174
1.5630194654744136
0.005541717139181629
1.5034439496829912
0.031026050305549176
1.4145498777598502
0.025669667174154434
1.605642681547265
0.006001311148466532
1.504440180083605
0.005052709137126997
1.5980782307854815
0.006103765098409539
1.523762632753333
0.005685286749972125
1.4040451482278766
0.022590096045384794
1.331916800862425
0.019097942084676172
1.554507804547713
0.0059009505836277575
1.4615242726797248
0.004978264000282862
1.4934608837197811
0.005692949716074511
1.4653392281467195
0.005191239155229678
1.5242079029875721
0.017326342363925967
1.4914727904275231
0.016197765148916965
1.5343088471148203
0.0052856816814378605
1.4645719290286427
0.004566501568021508
1.6410073358961825
0.0047888346461655885
1.612618623034602
0.004491477043988799
1.5205777578416069
0.021601156195013307
1.4862174096621474
0.019877010732333042
1.512922668068761
0.005486262221284044
1.4515904672758573
0.00521981712735888
1.6657761013534669
0.004963377164871821
1.6284681164009298
0.0048693474079501975
1.5057564627553266
0.021036246223149726
1.4570684307014006
0.019565820668176557
1.5590009081268736
0.005280846850192324
1.5224720901265945
0.004943736689860164
1.6196056228059057
0.004852750197690405
1.6051775969391795
0.004690612279874842
1.466827808925943
0.028581800731630528
1.411126597749731
0.02227749938879971
1.6375577892107063
0.005305814359601824
1.5666832328896079
0.004661857644118497
1.6928106543648176
0.004636014391654283
1.6382672234723081
0.004305323273247154
1.3194684031144326
0.035323223689864715
1.2837006529976396
0.026977645828741466
1.450127801352283
0.005005715491504344
1.3547566565542346
0.004614065542320634
1.724842297570826
0.004102681206468228
1.6722489593133432
0.0037602301374210154
1.4907247109655763
0.05132184465947856
1.270565218007715
0.0362682358840134
1.1280213177471379
0.005768043344425675
1.0483910116981168
0.004297701463570075
1.883353534191055
0.004384179466651169
1.8721531756276484
0.0033653215787119535
1.266697212222185
0.052352007820665174
1.0470686216891463
0.028660169436076167
1.0139460984955944
0.006173967224154633
0.9662785368319761
0.004094645405470318
1.991589303174179
0.004397805239836593
1.772433586210528
0.003027856504828518
slayerCD
1.0477710321376188
0.07959700232755251
1.0079429084906968
0.07784317903103646
1.5040410686013703
0.007702465814180964
1.3601649572973917
0.007035745718134609
1.3352612063416058
0.0071769108790933804
1.2158603918388968
0.0067431583544214435
1.108262834080305
0.0743987048218526
1.0707618802014747
0.06927575362899127
1.5008963275487728
0.005530255591996657
1.3970634319174888
0.005092392940297642
1.3526394269581272
0.006457536885418885
1.2969008297201736
0.0063867784736344425
1.2676676765134804
0.06662802422428052
1.233490720879898
0.059453239505104206
1.5787868250759765
0.007455666898892122
1.5164105452412784
0.006175458917879559
1.5083037420559189
0.007126256831826394
1.4381822034308958
0.006613836390385957
1.13650159324582
0.03992040734092376
1.0691190028077728
0.03551296359098507
1.5515841459968545
0.006141784701336269
1.4396789784373534
0.005817145354783693
1.4203725038579162
0.004942545151637871
1.3756307168950386
0.004731194886658169
1.0623408898954665
0.04308555565608309
0.9813793292699469
0.03783364966427648
1.4460906606145072
0.0059130255770407205
1.3381368486575866
0.005519408736903992
1.403157906618137
0.004548572614759257
1.3337476251259768
0.004235448455351125
0.9991672075150952
0.05523695423159753
0.9211056562732771
0.04955323721512125
1.434351979429502
0.00591181392255789
1.2989888461912875
0.005511056294786074
1.3554618379786803
0.005748430848613415
1.220473744120552
0.00563319891256723
0.9797182858990223
0.06888510886542748
0.9550354918764037
0.06345522330587433
1.4162237558860638
0.005883275342986135
1.288469619459043
0.005426845011777063
1.3405612159513398
0.007267332380983178
1.2427178846968887
0.00704708845569636
1.1502788796950638
0.05040353940247274
1.1217925327671756
0.044387589093719974
1.5919968608673112
0.004352890431181711
1.5208893135685186
0.00425630185931719
1.4383518925711891
0.004966501299614884
1.403322554413805
0.004674055465288997
1.2418522840930706
0.065101280857531
1.1800685613628543
0.05064085218193744
1.6318973630555975
0.005239687164632569
1.527106073995924
0.004477908056827295
1.5302727618557335
0.006308819862010163
1.4689869738821304
0.0053566531836138735
1.2726709517367807
0.045501936345754196
1.2403063322102574
0.03566062217779391
1.6251767296290072
0.0059456395535256645
1.4577135091879643
0.004850778647472585
1.4211328662097678
0.007565433199881733
1.3772282608111308
0.0064742536552791895
1.204789827865815
0.02899510165238056
1.1765312120682379
0.02494224724350931
1.613486244155257
0.005084324823892444
1.5588998937980996
0.004617091062413811
1.478292691328648
0.007099989611632266
1.385049258602414
0.00662879067775383
1.2508531249741683
0.027299424991732574
1.2011133459469574
0.021999293685928054
1.7129909843988378
0.00466514829742888
1.6199112520374535
0.004351534609850557
1.5998125525496538
0.005301093750625304
1.477033401014597
0.00505037560728414
1.2955838567278852
0.045850275766235495
1.1837394527888612
0.03382219144628484
1.6656011908376473
0.005637681858643928
1.5067028944339713
0.004908214848707172
1.6286407404894732
0.00553160899668875
1.590777215035743
0.004495473764017125
1.2372618599335525
0.03820359588553559
1.1068381083964076
0.03207908443290509
1.6443793041197963
0.004713923472854558
1.593644558215281
0.004071842078159091
1.6109441752462572
0.004632421479793462
1.5010190375066614
0.004317507182219423
1.3231130834858083
0.027222732794394834
1.2301033493178282
0.022217282610119758
1.698715149119771
0.00422240148717513
1.6316402055376498
0.004084303080087173
1.638448477532877
0.003851677028575756
1.6178960027473595
0.003618699170345731
1.1472723615072418
0.03318471871049341
1.0929204704635558
0.03163975667578719
1.4445794774559002
0.004810165175753049
1.3536642619173866
0.004776996634375887
1.4361846395513398
0.004905090229614379
1.4108431131353134
0.004621946323728478
1.20149079772145
0.06504590732011148
1.1759472321236704
0.06210717471586766
1.3885152196600883
0.007114192434727251
1.3463367948749299
0.006579145484973698
1.404193781540289
0.00740963040869696
1.3728969786503307
0.007353634925020003
1.1559477020356241
0.06238828918279885
1.1152904514028346
0.05033114234923327
1.3522482536497291
0.007605730281966553
1.2752221971935893
0.006603795867303996
1.275290807186521
0.008738196281987666
1.217773580004626
0.007970884671501345
1.1268797041815328
0.056219012989082245
1.0590583018521413
0.0493625683740921
1.206593771085473
0.006393200138137012
1.163940033951755
0.0059119508228050646
1.1877712468353487
0.007731792153107876
1.108125525992115
0.007367093825243236
1.1337325192396472
0.03565336749328757
1.0899671157919906
0.02678616925228479
1.5997384447678702
0.00351966511961817
1.5535832193343262
0.003114406585808189
1.4831373274175323
0.003632233119375519
1.4692999022947122
0.0034733831452252654
1.0153513462662294
0.025305208516704137
0.9872441975059211
0.019678011029744726
1.79108862118619
0.0034779602110502576
1.6576492822409141
0.0034107411070739843
1.5745342718458104
0.003127084497096108
1.4379740641671355
0.0027621914952562915
1.0763439760365
0.04533247413842555
1.0512410949505255
0.03276300829283169
1.554975739829439
0.0044815870253816165
1.4788492944334586
0.003819759423206475
1.5539645832883846
0.005431631296676041
1.4754565189000484
0.004780756431546931
1.3047668880457057
0.05145644738636548
1.2781624989652305
0.04095954639029336
1.5739316187147059
0.0058423602148822695
1.461623032918445
0.005314659680865733
1.4880336549739008
0.008677010314734756
1.4494901682272643
0.007615111015888044
1.336004761076804
0.03137220443584654
1.2729078387227803
0.029726418804471296
1.5930943364261456
0.004397214468943763
1.5573658322393429
0.004236941412792009
1.418780676073899
0.0074787005062336535
1.3708124263158474
0.007287602680819431
1.3124483235916662
0.025285588106505115
1.2560735034071993
0.022238898158430477
1.6622611330415127
0.003764829069108507
1.629395371254325
0.003625729788963282
1.4817319067718178
0.006122296310274107
1.433271734933547
0.005739582148607665
1.2948313482840494
0.028082223549654468
1.2779346717967512
0.02008360048255658
1.655676861819831
0.004220543360486132
1.5587237630554542
0.0033703822421929336
1.5864001246166373
0.004118149290662596
1.4921352912155665
0.0033887636739845027
1.2047938953003607
0.022397548304404
1.0734904513447974
0.01740214520514167
1.6767183378296446
0.004282567615038766
1.3727047827407757
0.00395126247576494
1.7867720313638806
0.0034497174076186187
1.6522608303906414
0.0027105083380600105
1.214984750651456
0.02250476727139774
1.0511489740891395
0.020028976655773995
1.527001586991209
0.004859190560620497
1.4360932089064276
0.004018663850566109
1.7216751608685255
0.003544194762342336
1.6095312863973632
0.00289021637484036
1.2606861808749616
0.020235200163828675
1.1758474418708607
0.019908427742984652
1.6468720815688878
0.004206378039486826
1.5638100186642436
0.00364236813203028
1.7294099343763243
0.0034497040011676164
1.621123371774067
0.0032148264838770036
1.3290511925784527
0.021036979926038115
1.266711603765981
0.020860863160833704
1.6997261591192774
0.004168922851974375
1.652519881536584
0.0039750278676030405
1.574513403403638
0.003827684775902368
1.5075729858305968
0.00369826509834634
1.3431719841477665
0.020925090800986555
1.234567140213698
0.01919298576242836
1.6839553609949667
0.004611418846942182
1.6033658766408923
0.004089191768320254
1.6330134667691472
0.0046965863305077
1.6029950502229366
0.004224228726578705
1.1069730839300886
0.039156019819924705
1.0110875158527035
0.032612409952118414
1.4680061776796516
0.0058947987174927715
1.348874013416548
0.005390026434293017
1.4797296581414598
0.006938621399918361
1.3667037532543156
0.006037016161088754
1.1426302651851301
0.07426516202400373
1.1041562354889243
0.06218755209904549
1.3745388121440711
0.009061447080693223
1.3421164585230276
0.008651128521606495
1.4321414402576116
0.010202403405559224
1.3680749522593272
0.00897073309589582
1.2064793566862404
0.07342424144834911
1.1781352232189732
0.0638668453069704
1.4009127863259259
0.008811176727025324
1.3856186783469806
0.008054124430070244
1.3528952614736756
0.00953850769589626
1.2496292183485178
0.008849244683690213
1.4155692176302204
0.08179231274053451
1.3148674079831293
0.06748771496104582
1.524339316586658
0.010258648569994101
1.4804976383012076
0.009352056491239378
1.3918706209401936
0.012748892779456308
1.3394761863096478
0.01080031757219013
1.2270480663424137
0.08427150607519289
1.203573744079295
0.0705687153402141
1.4346475734756432
0.010075800072874619
1.4161795341073324
0.00907721692372239
1.2901105740426027
0.013719139051871722
1.2235732658316816
0.012573305668782198
1.2376885537063482
0.036503366475262734
1.1008736687584912
0.035071480299258044
1.4525607914916685
0.004875661960005555
1.3823009978339413
0.004705300556551754
1.3073493690478482
0.005181794058548338
1.1815573475738614
0.004795063113811103
